# JRE version: OpenJDK Runtime Environment Microsoft-14653896 (21.0.12+8) (build 21.0.12+8-LTS)
# Java VM: OpenJDK 64-Bit Server VM Microsoft-14653896 (21.0.12+8-LTS, mixed mode, sharing, tiered, compressed oops, compressed class ptrs, parallel gc, windows-amd64)
GC Precious Log:
 CardTable entry size: 512
 CPUs: 8 total, 8 available
 Memory: 15969M
 Large Page Support: Disabled
 NUMA Support: Disabled
 Compressed Oops: Enabled (Zero based)
 Alignments: Space 512K, Generation 512K, Heap 2M
 Heap Min Capacity: 8M
 Heap Initial Capacity: 250M
 Heap Max Capacity: 5G
 Pre-touch: Disabled
 Parallel Workers: 8
Heap:
 PSYoungGen      total 1282048K, used 229404K [0x0000000795580000, 0x00000007ee780000, 0x0000000800000000)
  eden space 1188352K, 11% used [0x0000000795580000,0x000000079da0a480,0x00000007dde00000)
  from space 93696K, 99% used [0x00000007e3080000,0x00000007e8bfcbd8,0x00000007e8c00000)
  to   space 25600K, 0% used [0x00000007ece80000,0x00000007ece80000,0x00000007ee780000)
 ParOldGen       total 2653696K, used 2653692K [0x00000006c0000000, 0x0000000761f80000, 0x0000000795580000)
  object space 2653696K, 99% used [0x00000006c0000000,0x0000000761f7f200,0x0000000761f80000)
 Metaspace       used 411577K, committed 416320K, reserved 1441792K
  class space    used 50826K, committed 53184K, reserved 1048576K
GC Heap History (20 events):
Event: 723.917 GC heap before
{Heap before GC invocations=154 (full 10):
 PSYoungGen      total 1609728K, used 1519459K [0x0000000795580000, 0x00000007ffe80000, 0x0000000800000000)
  eden space 1491968K, 100% used [0x0000000795580000,0x00000007f0680000,0x00000007f0680000)
  from space 117760K, 23% used [0x00000007f0680000,0x00000007f2158d58,0x00000007f7980000)
  to   space 113664K, 0% used [0x00000007f8f80000,0x00000007f8f80000,0x00000007ffe80000)
 ParOldGen       total 1968640K, used 1968597K [0x00000006c0000000, 0x0000000738280000, 0x0000000795580000)
  object space 1968640K, 99% used [0x00000006c0000000,0x0000000738275590,0x0000000738280000)
 Metaspace       used 406700K, committed 411392K, reserved 1441792K
  class space    used 50291K, committed 52608K, reserved 1048576K
}
Event: 723.968 GC heap after
{Heap after GC invocations=154 (full 10):
 PSYoungGen      total 1622016K, used 18043K [0x0000000795580000, 0x00000007ff700000, 0x0000000800000000)
  eden space 1516032K, 0% used [0x0000000795580000,0x0000000795580000,0x00000007f1e00000)
  from space 105984K, 17% used [0x00000007f8f80000,0x00000007fa11ec48,0x00000007ff700000)
  to   space 111104K, 0% used [0x00000007f1e00000,0x00000007f1e00000,0x00000007f8a80000)
 ParOldGen       total 1995264K, used 1994948K [0x00000006c0000000, 0x0000000739c80000, 0x0000000795580000)
  object space 1995264K, 99% used [0x00000006c0000000,0x0000000739c31358,0x0000000739c80000)
 Metaspace       used 406700K, committed 411392K, reserved 1441792K
  class space    used 50291K, committed 52608K, reserved 1048576K
}
Event: 729.849 GC heap before
{Heap before GC invocations=155 (full 10):
 PSYoungGen      total 1622016K, used 1534075K [0x0000000795580000, 0x00000007ff700000, 0x0000000800000000)
  eden space 1516032K, 100% used [0x0000000795580000,0x00000007f1e00000,0x00000007f1e00000)
  from space 105984K, 17% used [0x00000007f8f80000,0x00000007fa11ec48,0x00000007ff700000)
  to   space 111104K, 0% used [0x00000007f1e00000,0x00000007f1e00000,0x00000007f8a80000)
 ParOldGen       total 1995264K, used 1994948K [0x00000006c0000000, 0x0000000739c80000, 0x0000000795580000)
  object space 1995264K, 99% used [0x00000006c0000000,0x0000000739c31358,0x0000000739c80000)
 Metaspace       used 408528K, committed 413312K, reserved 1441792K
  class space    used 50480K, committed 52864K, reserved 1048576K
}
Event: 729.914 GC heap after
{Heap after GC invocations=155 (full 10):
 PSYoungGen      total 1627136K, used 32077K [0x0000000795580000, 0x00000007ffb00000, 0x0000000800000000)
  eden space 1516032K, 0% used [0x0000000795580000,0x0000000795580000,0x00000007f1e00000)
  from space 111104K, 28% used [0x00000007f1e00000,0x00000007f3d53430,0x00000007f8a80000)
  to   space 105984K, 0% used [0x00000007f9380000,0x00000007f9380000,0x00000007ffb00000)
 ParOldGen       total 2012160K, used 2011728K [0x00000006c0000000, 0x000000073ad00000, 0x0000000795580000)
  object space 2012160K, 99% used [0x00000006c0000000,0x000000073ac940a0,0x000000073ad00000)
 Metaspace       used 408528K, committed 413312K, reserved 1441792K
  class space    used 50480K, committed 52864K, reserved 1048576K
}
Event: 738.257 GC heap before
{Heap before GC invocations=156 (full 10):
 PSYoungGen      total 1627136K, used 1548109K [0x0000000795580000, 0x00000007ffb00000, 0x0000000800000000)
  eden space 1516032K, 100% used [0x0000000795580000,0x00000007f1e00000,0x00000007f1e00000)
  from space 111104K, 28% used [0x00000007f1e00000,0x00000007f3d53430,0x00000007f8a80000)
  to   space 105984K, 0% used [0x00000007f9380000,0x00000007f9380000,0x00000007ffb00000)
 ParOldGen       total 2012160K, used 2011728K [0x00000006c0000000, 0x000000073ad00000, 0x0000000795580000)
  object space 2012160K, 99% used [0x00000006c0000000,0x000000073ac940a0,0x000000073ad00000)
 Metaspace       used 408956K, committed 413760K, reserved 1441792K
  class space    used 50511K, committed 52864K, reserved 1048576K
}
Event: 738.311 GC heap after
{Heap after GC invocations=156 (full 10):
 PSYoungGen      total 1458176K, used 13938K [0x0000000795580000, 0x00000007fa200000, 0x0000000800000000)
  eden space 1443328K, 0% used [0x0000000795580000,0x0000000795580000,0x00000007ed700000)
  from space 14848K, 93% used [0x00000007f9380000,0x00000007fa11c800,0x00000007fa200000)
  to   space 103936K, 0% used [0x00000007ed700000,0x00000007ed700000,0x00000007f3c80000)
 ParOldGen       total 2042880K, used 2042615K [0x00000006c0000000, 0x000000073cb00000, 0x0000000795580000)
  object space 2042880K, 99% used [0x00000006c0000000,0x000000073cabdd98,0x000000073cb00000)
 Metaspace       used 408956K, committed 413760K, reserved 1441792K
  class space    used 50511K, committed 52864K, reserved 1048576K
}
Event: 747.093 GC heap before
{Heap before GC invocations=157 (full 10):
 PSYoungGen      total 1458176K, used 1457266K [0x0000000795580000, 0x00000007fa200000, 0x0000000800000000)
  eden space 1443328K, 100% used [0x0000000795580000,0x00000007ed700000,0x00000007ed700000)
  from space 14848K, 93% used [0x00000007f9380000,0x00000007fa11c800,0x00000007fa200000)
  to   space 103936K, 0% used [0x00000007ed700000,0x00000007ed700000,0x00000007f3c80000)
 ParOldGen       total 2042880K, used 2042615K [0x00000006c0000000, 0x000000073cb00000, 0x0000000795580000)
  object space 2042880K, 99% used [0x00000006c0000000,0x000000073cabdd98,0x000000073cb00000)
 Metaspace       used 409137K, committed 413952K, reserved 1441792K
  class space    used 50533K, committed 52928K, reserved 1048576K
}
Event: 747.128 GC heap after
{Heap after GC invocations=157 (full 10):
 PSYoungGen      total 1377280K, used 2094K [0x0000000795580000, 0x00000007f9400000, 0x0000000800000000)
  eden space 1374720K, 0% used [0x0000000795580000,0x0000000795580000,0x00000007e9400000)
  from space 2560K, 81% used [0x00000007ed700000,0x00000007ed90b8e0,0x00000007ed980000)
  to   space 103424K, 0% used [0x00000007f2f00000,0x00000007f2f00000,0x00000007f9400000)
 ParOldGen       total 2054656K, used 2054196K [0x00000006c0000000, 0x000000073d680000, 0x0000000795580000)
  object space 2054656K, 99% used [0x00000006c0000000,0x000000073d60d158,0x000000073d680000)
 Metaspace       used 409137K, committed 413952K, reserved 1441792K
  class space    used 50533K, committed 52928K, reserved 1048576K
}
Event: 755.975 GC heap before
{Heap before GC invocations=158 (full 10):
 PSYoungGen      total 1377280K, used 1376814K [0x0000000795580000, 0x00000007f9400000, 0x0000000800000000)
  eden space 1374720K, 100% used [0x0000000795580000,0x00000007e9400000,0x00000007e9400000)
  from space 2560K, 81% used [0x00000007ed700000,0x00000007ed90b8e0,0x00000007ed980000)
  to   space 103424K, 0% used [0x00000007f2f00000,0x00000007f2f00000,0x00000007f9400000)
 ParOldGen       total 2054656K, used 2054196K [0x00000006c0000000, 0x000000073d680000, 0x0000000795580000)
  object space 2054656K, 99% used [0x00000006c0000000,0x000000073d60d158,0x000000073d680000)
 Metaspace       used 409983K, committed 414784K, reserved 1441792K
  class space    used 50623K, committed 52992K, reserved 1048576K
}
Event: 756.040 GC heap after
{Heap after GC invocations=158 (full 10):
 PSYoungGen      total 1356800K, used 47416K [0x0000000795580000, 0x00000007f5d80000, 0x0000000800000000)
  eden space 1309184K, 0% used [0x0000000795580000,0x0000000795580000,0x00000007e5400000)
  from space 47616K, 99% used [0x00000007f2f00000,0x00000007f5d4e038,0x00000007f5d80000)
  to   space 101376K, 0% used [0x00000007e9780000,0x00000007e9780000,0x00000007efa80000)
 ParOldGen       total 2056192K, used 2056058K [0x00000006c0000000, 0x000000073d800000, 0x0000000795580000)
  object space 2056192K, 99% used [0x00000006c0000000,0x000000073d7deab8,0x000000073d800000)
 Metaspace       used 409983K, committed 414784K, reserved 1441792K
  class space    used 50623K, committed 52992K, reserved 1048576K
}
Event: 760.020 GC heap before
{Heap before GC invocations=159 (full 10):
 PSYoungGen      total 1356800K, used 1356600K [0x0000000795580000, 0x00000007f5d80000, 0x0000000800000000)
  eden space 1309184K, 100% used [0x0000000795580000,0x00000007e5400000,0x00000007e5400000)
  from space 47616K, 99% used [0x00000007f2f00000,0x00000007f5d4e038,0x00000007f5d80000)
  to   space 101376K, 0% used [0x00000007e9780000,0x00000007e9780000,0x00000007efa80000)
 ParOldGen       total 2056192K, used 2056058K [0x00000006c0000000, 0x000000073d800000, 0x0000000795580000)
  object space 2056192K, 99% used [0x00000006c0000000,0x000000073d7deab8,0x000000073d800000)
 Metaspace       used 409991K, committed 414784K, reserved 1441792K
  class space    used 50623K, committed 52992K, reserved 1048576K
}
Event: 760.094 GC heap after
{Heap after GC invocations=159 (full 10):
 PSYoungGen      total 1257984K, used 10713K [0x0000000795580000, 0x00000007f2f80000, 0x0000000800000000)
  eden space 1247232K, 0% used [0x0000000795580000,0x0000000795580000,0x00000007e1780000)
  from space 10752K, 99% used [0x00000007e9780000,0x00000007ea1f6718,0x00000007ea200000)
  to   space 99328K, 0% used [0x00000007ece80000,0x00000007ece80000,0x00000007f2f80000)
 ParOldGen       total 2103296K, used 2103243K [0x00000006c0000000, 0x0000000740600000, 0x0000000795580000)
  object space 2103296K, 99% used [0x00000006c0000000,0x00000007405f2f40,0x0000000740600000)
 Metaspace       used 409991K, committed 414784K, reserved 1441792K
  class space    used 50623K, committed 52992K, reserved 1048576K
}
Event: 771.181 GC heap before
{Heap before GC invocations=160 (full 10):
 PSYoungGen      total 1257984K, used 1257945K [0x0000000795580000, 0x00000007f2f80000, 0x0000000800000000)
  eden space 1247232K, 100% used [0x0000000795580000,0x00000007e1780000,0x00000007e1780000)
  from space 10752K, 99% used [0x00000007e9780000,0x00000007ea1f6718,0x00000007ea200000)
  to   space 99328K, 0% used [0x00000007ece80000,0x00000007ece80000,0x00000007f2f80000)
 ParOldGen       total 2103296K, used 2103243K [0x00000006c0000000, 0x0000000740600000, 0x0000000795580000)
  object space 2103296K, 99% used [0x00000006c0000000,0x00000007405f2f40,0x0000000740600000)
 Metaspace       used 411523K, committed 416320K, reserved 1441792K
  class space    used 50820K, committed 53184K, reserved 1048576K
}
Event: 771.238 GC heap after
{Heap after GC invocations=160 (full 10):
 PSYoungGen      total 1213952K, used 25272K [0x0000000795580000, 0x00000007ee780000, 0x0000000800000000)
  eden space 1188352K, 0% used [0x0000000795580000,0x0000000795580000,0x00000007dde00000)
  from space 25600K, 98% used [0x00000007ece80000,0x00000007ee72e350,0x00000007ee780000)
  to   space 93696K, 0% used [0x00000007e3080000,0x00000007e3080000,0x00000007e8c00000)
 ParOldGen       total 2113024K, used 2113003K [0x00000006c0000000, 0x0000000740f80000, 0x0000000795580000)
  object space 2113024K, 99% used [0x00000006c0000000,0x0000000740f7af50,0x0000000740f80000)
 Metaspace       used 411523K, committed 416320K, reserved 1441792K
  class space    used 50820K, committed 53184K, reserved 1048576K
}
Event: 775.361 GC heap before
{Heap before GC invocations=161 (full 10):
 PSYoungGen      total 1213952K, used 1213624K [0x0000000795580000, 0x00000007ee780000, 0x0000000800000000)
  eden space 1188352K, 100% used [0x0000000795580000,0x00000007dde00000,0x00000007dde00000)
  from space 25600K, 98% used [0x00000007ece80000,0x00000007ee72e350,0x00000007ee780000)
  to   space 93696K, 0% used [0x00000007e3080000,0x00000007e3080000,0x00000007e8c00000)
 ParOldGen       total 2113024K, used 2113003K [0x00000006c0000000, 0x0000000740f80000, 0x0000000795580000)
  object space 2113024K, 99% used [0x00000006c0000000,0x0000000740f7af50,0x0000000740f80000)
 Metaspace       used 411546K, committed 416320K, reserved 1441792K
  class space    used 50822K, committed 53184K, reserved 1048576K
}
Event: 775.585 GC heap after
{Heap after GC invocations=161 (full 10):
 PSYoungGen      total 1282048K, used 93683K [0x0000000795580000, 0x00000007ee780000, 0x0000000800000000)
  eden space 1188352K, 0% used [0x0000000795580000,0x0000000795580000,0x00000007dde00000)
  from space 93696K, 99% used [0x00000007e3080000,0x00000007e8bfce00,0x00000007e8c00000)
  to   space 25600K, 0% used [0x00000007ece80000,0x00000007ece80000,0x00000007ee780000)
 ParOldGen       total 2203648K, used 2203454K [0x00000006c0000000, 0x0000000746800000, 0x0000000795580000)
  object space 2203648K, 99% used [0x00000006c0000000,0x00000007467cfac0,0x0000000746800000)
 Metaspace       used 411546K, committed 416320K, reserved 1441792K
  class space    used 50822K, committed 53184K, reserved 1048576K
}
Event: 777.990 GC heap before
{Heap before GC invocations=162 (full 10):
 PSYoungGen      total 1282048K, used 1282035K [0x0000000795580000, 0x00000007ee780000, 0x0000000800000000)
  eden space 1188352K, 100% used [0x0000000795580000,0x00000007dde00000,0x00000007dde00000)
  from space 93696K, 99% used [0x00000007e3080000,0x00000007e8bfce00,0x00000007e8c00000)
  to   space 25600K, 0% used [0x00000007ece80000,0x00000007ece80000,0x00000007ee780000)
 ParOldGen       total 2203648K, used 2203454K [0x00000006c0000000, 0x0000000746800000, 0x0000000795580000)
  object space 2203648K, 99% used [0x00000006c0000000,0x00000007467cfac0,0x0000000746800000)
 Metaspace       used 411561K, committed 416320K, reserved 1441792K
  class space    used 50824K, committed 53184K, reserved 1048576K
}
Event: 780.714 GC heap after
{Heap after GC invocations=162 (full 10):
 PSYoungGen      total 1213952K, used 25576K [0x0000000795580000, 0x00000007ee780000, 0x0000000800000000)
  eden space 1188352K, 0% used [0x0000000795580000,0x0000000795580000,0x00000007dde00000)
  from space 25600K, 99% used [0x00000007ece80000,0x00000007ee77a390,0x00000007ee780000)
  to   space 93696K, 0% used [0x00000007e3080000,0x00000007e3080000,0x00000007e8c00000)
 ParOldGen       total 2489856K, used 2489768K [0x00000006c0000000, 0x0000000757f80000, 0x0000000795580000)
  object space 2489856K, 99% used [0x00000006c0000000,0x0000000757f6a0a0,0x0000000757f80000)
 Metaspace       used 411561K, committed 416320K, reserved 1441792K
  class space    used 50824K, committed 53184K, reserved 1048576K
}
Event: 782.547 GC heap before
{Heap before GC invocations=163 (full 10):
 PSYoungGen      total 1213952K, used 1213928K [0x0000000795580000, 0x00000007ee780000, 0x0000000800000000)
  eden space 1188352K, 100% used [0x0000000795580000,0x00000007dde00000,0x00000007dde00000)
  from space 25600K, 99% used [0x00000007ece80000,0x00000007ee77a390,0x00000007ee780000)
  to   space 93696K, 0% used [0x00000007e3080000,0x00000007e3080000,0x00000007e8c00000)
 ParOldGen       total 2489856K, used 2489768K [0x00000006c0000000, 0x0000000757f80000, 0x0000000795580000)
  object space 2489856K, 99% used [0x00000006c0000000,0x0000000757f6a0a0,0x0000000757f80000)
 Metaspace       used 411576K, committed 416320K, reserved 1441792K
  class space    used 50826K, committed 53184K, reserved 1048576K
}
Event: 783.933 GC heap after
{Heap after GC invocations=163 (full 10):
 PSYoungGen      total 1282048K, used 93682K [0x0000000795580000, 0x00000007ee780000, 0x0000000800000000)
  eden space 1188352K, 0% used [0x0000000795580000,0x0000000795580000,0x00000007dde00000)
  from space 93696K, 99% used [0x00000007e3080000,0x00000007e8bfcbd8,0x00000007e8c00000)
  to   space 25600K, 0% used [0x00000007ece80000,0x00000007ece80000,0x00000007ee780000)
 ParOldGen       total 2653696K, used 2653692K [0x00000006c0000000, 0x0000000761f80000, 0x0000000795580000)
  object space 2653696K, 99% used [0x00000006c0000000,0x0000000761f7f200,0x0000000761f80000)
 Metaspace       used 411576K, committed 416320K, reserved 1441792K
  class space    used 50826K, committed 53184K, reserved 1048576K
}

